Executing task: docker build --pull --rm -f "Dockerfile" -t <CONTAINER_REGISTRY>/ktalicense:v7.11.0.12-FEB2024 "." 

Sending build context to Docker daemon  11.39GB
Step 1/8 : ARG ImageTag=4.8.1-windowsservercore-ltsc2022
Step 2/8 : FROM mcr.microsoft.com/dotnet/framework/aspnet:$ImageTag
4.8.1-windowsservercore-ltsc2022: Pulling from dotnet/framework/aspnet
Digest: sha256:751fa847c0070d674ec797e96ea4a72da1b44198799b46198e1dfa5f5e173d1a
Status: Image is up to date for mcr.microsoft.com/dotnet/framework/aspnet:4.8.1-windowsservercore-ltsc2022
 ---> e5b415828477
Step 3/8 : ARG KTARole=License
 ---> Running in 6357b6f440b2
Removing intermediate container 6357b6f440b2
 ---> 3963e9ecca03
Step 4/8 : COPY ContainerFiles ContainerFiles_Installers ContainerFiles_$KTARole C:\\KTA/
 ---> 35d65db0a779
Step 5/8 : RUN powershell C:\KTA\PowershellScripts\ConfigureContainer.ps1 -KTARole $env:KTARole
 ---> Running in ed1f8f119a4e
2/21/2024 7:07:27 AM: Success: Silent Config copied
2/21/2024 7:07:27 AM: Success: FixPack Silent Config copied
2/21/2024 7:07:32 AM: Install prerequisites for KTA
Installing Windows Feature IIS-NetFxExtensibility45


Path          : 
Online        : True
RestartNeeded : False

Installing Windows Feature IIS-Security
Path          : 
Online        : True
RestartNeeded : False

Installing Windows Feature IIS-IPSecurity
Path          : 
Online        : True
RestartNeeded : False

Installing Windows Feature IIS-Performance
Path          : 
Online        : True
RestartNeeded : False

Installing Windows Feature IIS-WindowsActivationService
Path          : 
Online        : True
RestartNeeded : False

Installing Windows Feature IIS-ProcessModel
Path          : 
Online        : True
RestartNeeded : False

Installing Windows Feature IIS-ConfigurationAPI
Path          : 
Online        : True
RestartNeeded : False

Installing Windows Feature IIS-ISAPIExtensions
Path          : 
Online        : True
RestartNeeded : False

Installing Windows Feature IIS-ISAPIFilter
Path          : 
Online        : True
RestartNeeded : False

Installing Windows Feature IIS-WindowsAuthentication
Path          : 
Online        : True
RestartNeeded : False

Installing Windows Feature WCF-HTTP-Activation45
Path          : 
Online        : True
RestartNeeded : False

2/21/2024 7:10:49 AM: Add Admin user for KTA

AccountExpires         : 
Description            :
Enabled                : True
FullName               : KTA_Admin
PasswordChangeableDate : 2/21/2024 7:10:50 AM
PasswordExpires        :
UserMayChangePassword  : False
PasswordRequired       : False
PasswordLastSet        : 2/21/2024 7:10:50 AM
LastLogon              :
Name                   : KTA_Admin
SID                    : S-1-5-21-4195473005-4248345477-3347787491-1000
PrincipalSource        : Local
ObjectClass            : User

VERBOSE: Loading module from path 'C:\KTA\PowershellScripts\LHSNTrights.psm1'.
VERBOSE: Importing function 'Get-LHSNTRights'.
VERBOSE: Importing function 'Set-LHSNTRights'.
VERBOSE: Importing function 'Set-LHSTokenPrivilege'.
True
True
True
2/21/2024 7:10:51 AM: Install Self signed cert

IPAddress : <IP_ADDRESS>
Port      : 443
Host      :
Store     : My
Sites     :


Attempting stop...
Internet services successfully stopped
Attempting start...
Internet services successfully restarted
2/21/2024 7:12:08 AM: Enable MS DTC

AuthenticationLevel               : NoAuth
InboundTransactionsEnabled        : True
LUTransactionsEnabled             : True
OutboundTransactionsEnabled       : True
RemoteAdministrationAccessEnabled : True
RemoteClientAccessEnabled         : True
XATransactionsEnabled             : True
PSComputerName                    :

2/21/2024 7:12:12 AM: Updating Registry to restrict null session and anonymous access
2/21/2024 7:12:12 AM: Start silent Install

Status      : Stopped
Name        : KSALicenseService
DisplayName : Kofax License Server

2/21/2024 7:13:33 AM: Start Fixpack Silent Install
2/21/2024 7:13:50 AM: Fixpack Silent Install Finished.. sleep for 10 seconds

Status      : Stopped
Name        : KSALicenseService
DisplayName : Kofax License Server

2/21/2024 7:14:01 AM: Completed FixPack silent Install
Install Logs
KofaxTotalAgilitySilentHotFixLog.txt
Silent HotFix Log
Success: Loading config files into memory
Success: Files copied successfully
Success: Upgrade.exe config updated successfully
Success: Licensing Server installed successfully
Success: Product successfully registered
KofaxTotalAgilitySilentInstallLog.txt
Silent Install Log
Success: Files copied successfully
Success: Config files updated successfully
Success: Licensing Server installed successfully
Success: Product successfully registered
2/21/2024 7:14:01 AM: Completed silent Install
2/21/2024 7:14:01 AM: Delete Program Cache
2/21/2024 7:14:01 AM: Program Cache deletion completed
2/21/2024 7:14:01 AM: Delete installation media
2/21/2024 7:16:54 AM: Installation media deletion completed


Removing intermediate container ed1f8f119a4e
 ---> d2d1209cd4d5
Step 6/8 : EXPOSE 80
 ---> Running in 585441786a07
Removing intermediate container 585441786a07
 ---> f1ad628636be
Step 7/8 : EXPOSE 443
 ---> Running in 75e1a2e350df
Removing intermediate container 75e1a2e350df
 ---> 18ab9bb42614
Step 8/8 : ENTRYPOINT powershell "C:\\KTA\\PowershellScripts\\Startup.ps1"
 ---> Running in 8db52fe902fe
Removing intermediate container 8db52fe902fe
 ---> 37092a47a461
Successfully built 37092a47a461
Successfully tagged <CONTAINER_REGISTRY>/ktalicense:v7.11.0.12-FEB2024
 *  Terminal will be reused by tasks, press any key to close it. 