 *  Executing task: docker build --pull --rm -f "Dockerfile" -t <CONTAINER_REGISTRY>/ktamessageconnector:v7.11.0.12-FEB2024 "." 

Sending build context to Docker daemon  11.39GB
Step 1/8 : ARG ImageTag=4.8.1-windowsservercore-ltsc2022
Step 2/8 : FROM mcr.microsoft.com/dotnet/framework/aspnet:$ImageTag
4.8.1-windowsservercore-ltsc2022: Pulling from dotnet/framework/aspnet
Digest: sha256:751fa847c0070d674ec797e96ea4a72da1b44198799b46198e1dfa5f5e173d1a
Status: Image is up to date for mcr.microsoft.com/dotnet/framework/aspnet:4.8.1-windowsservercore-ltsc2022
 ---> e5b415828477
Step 3/8 : ARG KTARole=MC
 ---> Running in 6a619a3c725a
Removing intermediate container 6a619a3c725a
 ---> 3fe17d6f2d56
Step 4/8 : COPY ContainerFiles ContainerFiles_Installers ContainerFiles_$KTARole C:\\KTA/
 ---> 585718a8759b
Step 5/8 : RUN powershell C:\KTA\PowershellScripts\ConfigureContainer.ps1 -KTARole $env:KTARole
 ---> Running in 64260e4d43e2
2/21/2024 8:48:41 AM: Success: Silent Config copied
2/21/2024 8:48:41 AM: Success: FixPack Silent Config copied
2/21/2024 8:48:44 AM: Install prerequisites for KTA
Installing Windows Feature IIS-NetFxExtensibility45


Path          : 
Online        : True
RestartNeeded : False

Installing Windows Feature IIS-Security
Path          : 
Online        : True
RestartNeeded : False

Installing Windows Feature IIS-IPSecurity
Path          : 
Online        : True
RestartNeeded : False

Installing Windows Feature IIS-Performance
Path          : 
Online        : True
RestartNeeded : False

Installing Windows Feature IIS-WindowsActivationService
Path          : 
Online        : True
RestartNeeded : False

Installing Windows Feature IIS-ProcessModel
Path          : 
Online        : True
RestartNeeded : False

Installing Windows Feature IIS-ConfigurationAPI
Path          : 
Online        : True
RestartNeeded : False

Installing Windows Feature IIS-ISAPIExtensions
Path          : 
Online        : True
RestartNeeded : False

Installing Windows Feature IIS-ISAPIFilter
Path          : 
Online        : True
RestartNeeded : False

Installing Windows Feature IIS-WindowsAuthentication
Path          : 
Online        : True
RestartNeeded : False

Installing Windows Feature WCF-HTTP-Activation45
Path          : 
Online        : True
RestartNeeded : False

2/21/2024 8:51:39 AM: Add Admin user for KTA

AccountExpires         : 
Description            :
Enabled                : True
FullName               : KTA_Admin
PasswordChangeableDate : 2/21/2024 8:51:40 AM
PasswordExpires        :
UserMayChangePassword  : False
PasswordRequired       : False
PasswordLastSet        : 2/21/2024 8:51:40 AM
LastLogon              :
Name                   : KTA_Admin
SID                    : S-1-5-21-4195473005-4248345477-3347787491-1000
PrincipalSource        : Local
ObjectClass            : User

VERBOSE: Loading module from path 'C:\KTA\PowershellScripts\LHSNTrights.psm1'.
VERBOSE: Importing function 'Get-LHSNTRights'.
VERBOSE: Importing function 'Set-LHSNTRights'.
VERBOSE: Importing function 'Set-LHSTokenPrivilege'.
True
True
True
2/21/2024 8:51:41 AM: Install Self signed cert

IPAddress : <IP_ADDRESS>
Port      : 443
Host      :
Store     : My
Sites     :


Attempting stop...
Internet services successfully stopped
Attempting start...
Internet services successfully restarted
2/21/2024 8:53:05 AM: Enable MS DTC

AuthenticationLevel               : NoAuth
InboundTransactionsEnabled        : True
LUTransactionsEnabled             : True
OutboundTransactionsEnabled       : True
RemoteAdministrationAccessEnabled : True
RemoteClientAccessEnabled         : True
XATransactionsEnabled             : True
PSComputerName                    :

2/21/2024 8:53:08 AM: Updating Registry to restrict null session and anonymous access
2/21/2024 8:53:08 AM: Start silent Install

Status      : Stopped
Name        : KIC-ED-MC
DisplayName : Kofax Message Connector


Status      : Stopped
Name        : TotalAgility Core Worker
DisplayName : Kofax TotalAgility Core Worker

2/21/2024 9:03:38 AM: Start Fixpack Silent Install
2/21/2024 9:08:10 AM: Fixpack Silent Install Finished.. sleep for 10 seconds
Set-Service : Cannot stop service 'Kofax Message Connector (KIC-ED-MC)' 
because it is dependent on other services.
At C:\KTA\PowershellScripts\ConfigureContainer.ps1:190 char:4
+             Set-Service -Name  $_.Name -StartupType Manual -Status "S ...
+             ~~~~~~~~~~~~~~~~~~~~~~~~~~~~~~~~~~~~~~~~~~~~~~~~~~~~~~~~~
    + CategoryInfo          : InvalidOperation: (System.ServiceProcess.Service
   Controller:ServiceController) [Set-Service], ServiceCommandException
    + FullyQualifiedErrorId : ServiceIsDependentOnNoForce,Microsoft.PowerShell
   .Commands.SetServiceCommand

Set-Service : Service 'Kofax TotalAgility Core Worker (TotalAgility Core 
Worker)' stop failed.
At C:\KTA\PowershellScripts\ConfigureContainer.ps1:190 char:4
+             Set-Service -Name  $_.Name -StartupType Manual -Status "S ...
+             ~~~~~~~~~~~~~~~~~~~~~~~~~~~~~~~~~~~~~~~~~~~~~~~~~~~~~~~~~
    + CategoryInfo          : OpenError: (System.ServiceProcess.ServiceControl
   ler:ServiceController) [Set-Service], ServiceCommandException
    + FullyQualifiedErrorId : StopServiceFailed,Microsoft.PowerShell.Commands.
   SetServiceCommand


Status      : StartPending
Name        : TotalAgility Core Worker
DisplayName : Kofax TotalAgility Core Worker

2/21/2024 9:08:23 AM: Completed FixPack silent Install
2/21/2024 9:08:23 AM: Success: KIC doc converter ini copied
2/21/2024 9:08:23 AM: Success: KIC doc converter default ini copied
Install Logs
KofaxTotalAgilitySilentHotFixLog.txt
Silent HotFix Log
Success: Loading config files into memory
Success: Files copied successfully
Success: Upgrade.exe config updated successfully
Success: Import Connector installed successfully
Success: Product successfully registered
KofaxTotalAgilitySilentInstallLog.txt
Silent Install Log
Success: Files copied successfully
Success: Config files updated successfully
Success: Import Connector installed successfully
Success: TotalAgility Core Worker Service installed successfully
Success: Product successfully registered
2/21/2024 9:08:23 AM: Completed silent Install
2/21/2024 9:08:23 AM: Delete Program Cache
2/21/2024 9:08:23 AM: Program Cache deletion completed
2/21/2024 9:08:23 AM: Delete installation media
2/21/2024 9:11:04 AM: Installation media deletion completed


Removing intermediate container 64260e4d43e2
 ---> e540b67d6d2f
Step 6/8 : EXPOSE 80
 ---> Running in e294d60cb541
Removing intermediate container e294d60cb541
 ---> 6006f51cd69b
Step 7/8 : EXPOSE 443
 ---> Running in a6d24ba7e08a
Removing intermediate container a6d24ba7e08a
 ---> 666dcc11c02e
Step 8/8 : ENTRYPOINT powershell "C:\\KTA\\PowershellScripts\\Startup.ps1"
 ---> Running in a58338591bf8
Removing intermediate container a58338591bf8
 ---> 465ee46f76fa
Successfully built 465ee46f76fa
Successfully tagged <CONTAINER_REGISTRY>/ktamessageconnector:v7.11.0.12-FEB2024
 *  Terminal will be reused by tasks, press any key to close it. 