Executing task: docker build --pull --rm -f "Dockerfile" -t <CONTAINER_REGISTRY>/ktawebapp:v7.11.0.12-FEB2024v2 "." 

Sending build context to Docker daemon  11.39GB
Step 1/8 : ARG ImageTag=4.8.1-windowsservercore-ltsc2022
Step 2/8 : FROM mcr.microsoft.com/dotnet/framework/aspnet:$ImageTag
4.8.1-windowsservercore-ltsc2022: Pulling from dotnet/framework/aspnet
Digest: sha256:751fa847c0070d674ec797e96ea4a72da1b44198799b46198e1dfa5f5e173d1a
Status: Image is up to date for mcr.microsoft.com/dotnet/framework/aspnet:4.8.1-windowsservercore-ltsc2022
 ---> e5b415828477
Step 3/8 : ARG KTARole=WebApp
 ---> Using cache
 ---> a415979fb86c
Step 4/8 : COPY ContainerFiles ContainerFiles_Installers ContainerFiles_$KTARole C:\\KTA/
 ---> ac68ecb485b9
Step 5/8 : RUN powershell C:\KTA\PowershellScripts\ConfigureContainer.ps1 -KTARole $env:KTARole
 ---> Running in 1f2b17be91fd
2/21/2024 11:09:23 PM: Success: Silent Config copied
2/21/2024 11:09:23 PM: Success: FixPack Silent Config copied
2/21/2024 11:09:29 PM: Install prerequisites for KTA
Installing Windows Feature IIS-NetFxExtensibility45


Path          : 
Online        : True
RestartNeeded : False

Installing Windows Feature IIS-Security
Path          : 
Online        : True
RestartNeeded : False

Installing Windows Feature IIS-IPSecurity
Path          : 
Online        : True
RestartNeeded : False

Installing Windows Feature IIS-Performance
Path          : 
Online        : True
RestartNeeded : False

Installing Windows Feature IIS-WindowsActivationService
Path          : 
Online        : True
RestartNeeded : False

Installing Windows Feature IIS-ProcessModel
Path          : 
Online        : True
RestartNeeded : False

Installing Windows Feature IIS-ConfigurationAPI
Path          : 
Online        : True
RestartNeeded : False

Installing Windows Feature IIS-ISAPIExtensions
Path          : 
Online        : True
RestartNeeded : False

Installing Windows Feature IIS-ISAPIFilter
Path          : 
Online        : True
RestartNeeded : False

Installing Windows Feature IIS-WindowsAuthentication
Path          : 
Online        : True
RestartNeeded : False

Installing Windows Feature WCF-HTTP-Activation45
Path          : 
Online        : True
RestartNeeded : False

2/21/2024 11:13:11 PM: Add Admin user for KTA

AccountExpires         : 
Description            :
Enabled                : True
FullName               : KTA_Admin
PasswordChangeableDate : 2/21/2024 11:13:12 PM
PasswordExpires        :
UserMayChangePassword  : False
PasswordRequired       : False
PasswordLastSet        : 2/21/2024 11:13:12 PM
LastLogon              :
Name                   : KTA_Admin
SID                    : S-1-5-21-4195473005-4248345477-3347787491-1000
PrincipalSource        : Local
ObjectClass            : User

VERBOSE: Loading module from path 'C:\KTA\PowershellScripts\LHSNTrights.psm1'.
VERBOSE: Importing function 'Get-LHSNTRights'.
VERBOSE: Importing function 'Set-LHSNTRights'.
VERBOSE: Importing function 'Set-LHSTokenPrivilege'.
True
True
True
2/21/2024 11:13:13 PM: Install Self signed cert

IPAddress : <IP_ADDRESS>
Port      : 443
Host      :
Store     : My
Sites     :


Attempting stop...
Internet services successfully stopped
Attempting start...
Internet services successfully restarted
2/21/2024 11:14:30 PM: Enable MS DTC

AuthenticationLevel               : NoAuth
InboundTransactionsEnabled        : True
LUTransactionsEnabled             : True
OutboundTransactionsEnabled       : True
RemoteAdministrationAccessEnabled : True
RemoteClientAccessEnabled         : True
XATransactionsEnabled             : True
PSComputerName                    :

2/21/2024 11:14:34 PM: Updating Registry to restrict null session and anonymous access
2/21/2024 11:14:34 PM: Start silent Install

Status      : Stopped
Name        : TotalAgility Core Worker
DisplayName : Kofax TotalAgility Core Worker


Status      : Stopped
Name        : TotalAgility Streaming Service
DisplayName : Kofax TotalAgility Streaming Service

2/21/2024 11:22:17 PM: Start Fixpack Silent Install
2/21/2024 11:26:55 PM: Fixpack Silent Install Finished.. sleep for 10 seconds
Set-Service : Service 'Kofax TotalAgility Core Worker (TotalAgility Core 
Worker)' stop failed.
At C:\KTA\PowershellScripts\ConfigureContainer.ps1:190 char:4
+             Set-Service -Name  $_.Name -StartupType Manual -Status "S ...
+             ~~~~~~~~~~~~~~~~~~~~~~~~~~~~~~~~~~~~~~~~~~~~~~~~~~~~~~~~~
    + CategoryInfo          : OpenError: (System.ServiceProcess.ServiceControl 
   ler:ServiceController) [Set-Service], ServiceCommandException
    + FullyQualifiedErrorId : StopServiceFailed,Microsoft.PowerShell.Commands.
   SetServiceCommand


Status      : StartPending
Name        : TotalAgility Core Worker
DisplayName : Kofax TotalAgility Core Worker


Status      : Stopped
Name        : TotalAgility Streaming Service
DisplayName : Kofax TotalAgility Streaming Service

2/21/2024 11:27:08 PM: Completed FixPack silent Install
Install Logs
KofaxTotalAgilitySilentHotFixLog.txt
Silent HotFix Log
Success: Loading config files into memory
Success: Files copied successfully
Success: Upgrade.exe config updated successfully
Success: Product successfully registered
KofaxTotalAgilitySilentInstallLog.txt
Silent Install Log
Success: Files copied successfully
Success: Config files updated successfully
Success: SSL settings updated successfully
Success: TotalAgility Application pool configured successfully
Success: Scripting Engine Dlls registered successfully
Success: TotalAgility Core Worker Service installed successfully
Success: TotalAgility Streaming Service installed successfully
Success: Product successfully registered
2/21/2024 11:27:08 PM: Completed silent Install
2/21/2024 11:27:08 PM: Delete Program Cache
2/21/2024 11:27:08 PM: Program Cache deletion completed
2/21/2024 11:27:08 PM: Delete installation media
2/21/2024 11:29:46 PM: Installation media deletion completed


Removing intermediate container 1f2b17be91fd
 ---> 1cb720d25b92
Step 6/8 : EXPOSE 80
 ---> Running in c1b6ab078ea7
Removing intermediate container c1b6ab078ea7
 ---> a31a32797015
Step 7/8 : EXPOSE 443
 ---> Running in 20b3d1d0bc50
Removing intermediate container 20b3d1d0bc50
 ---> 42bec052cd02
Step 8/8 : ENTRYPOINT powershell "C:\\KTA\\PowershellScripts\\Startup.ps1"
 ---> Running in e22f19268c72
Removing intermediate container e22f19268c72
 ---> 1b14a1c3b97a
Successfully built 1b14a1c3b97a
Successfully tagged <CONTAINER_REGISTRY>/ktawebapp:v7.11.0.12-FEB2024v2